<?xml version="1.0" encoding="UTF-8"?>
<testsuite xmlns:xsi="http://www.w3.org/2001/XMLSchema-instance" xsi:noNamespaceSchemaLocation="https://maven.apache.org/surefire/maven-surefire-plugin/xsd/surefire-test-report-3.0.xsd" version="3.0" name="TestSuite" time="72.488" tests="5" errors="0" skipped="0" failures="0">
  <properties>
[...]
</properties>
  <testcase name="runScenario[&quot;Login with NOT invalid user name&quot;, &quot;Login scenarios&quot;](1)" classname="com.qa.runners.MyRunnerTest" time="10.478">
    <system-out><![CDATA[[INFO ] 2023-03-08 10:28:48.969 com.qa.utils.ServerManager:29 - Starting Appium server
&amp#27;[35m[Appium]&amp#27;[39m Welcome to Appium v2.0.0-beta.55
&amp#27;[35m[Appium]&amp#27;[39m Non-default server args:
&amp#27;[35m[Appium]&amp#27;[39m { port: &amp#27;[33m40401&amp#27;[39m, sessionOverride: &amp#27;[33mtrue&amp#27;[39m }
&amp#27;[35m[Appium]&amp#27;[39m Attempting to load driver uiautomator2...
[debug] &amp#27;[35m[Appium]&amp#27;[39m Requiring driver at /Users/juanquiceno/.appium/node_modules/appium-uiautomator2-driver
[Appium] Attempting to load driver xcuitest...
[debug] [Appium] Requiring driver at /Users/juanquiceno/.appium/node_modules/appium-xcuitest-driver
[Appium] Appium REST http interface listener started on 0.0.0.0:40401
[Appium] Available drivers:
[Appium]   - uiautomator2@2.12.3 (automationName 'UiAutomator2')
[Appium]   - xcuitest@4.16.12 (automationName 'XCUITest')
[Appium] No plugins have been installed. Use the "appium plugin" command to install the one(s) you want to use.
&amp#27;[38;5;0m[HTTP]&amp#27;[0m &amp#27;[37m-->&amp#27;[39m &amp#27;[37mGET&amp#27;[39m &amp#27;[37m/status&amp#27;[39m
&amp#27;[38;5;0m[HTTP]&amp#27;[0m {}
[debug] &amp#27;[38;5;16m[AppiumDriver@a2b0]&amp#27;[0m Calling AppiumDriver.getStatus() with args: []
[debug] &amp#27;[38;5;16m[AppiumDriver@a2b0]&amp#27;[0m Responding to client with driver.getStatus() result: {"build":{"version":"2.0.0-beta.55"}}
&amp#27;[38;5;0m[HTTP]&amp#27;[0m <-- GET /status 200 6 ms - 47
&amp#27;[38;5;0m[HTTP]&amp#27;[0m 
&amp#27;[38;5;0m[HTTP]&amp#27;[0m &amp#27;[37m-->&amp#27;[39m &amp#27;[37mGET&amp#27;[39m &amp#27;[37m/status&amp#27;[39m
&amp#27;[38;5;0m[HTTP]&amp#27;[0m {}
[debug] &amp#27;[38;5;16m[AppiumDriver@a2b0]&amp#27;[0m Calling AppiumDriver.getStatus() with args: []
[debug] &amp#27;[38;5;16m[AppiumDriver@a2b0]&amp#27;[0m Responding to client with driver.getStatus() result: {"build":{"version":"2.0.0-beta.55"}}
[INFO ] 2023-03-08 10:28:54.710 com.qa.utils.ServerManager:38 - Appium server started
[INFO ] 2023-03-08 10:28:54.727 com.qa.utils.DriverManager:26 - Initializing Appium driver
[INFO ] 2023-03-08 10:28:54.752 com.qa.utils.PropertyManager:17 - Loading config properties
[INFO ] 2023-03-08 10:28:54.754 com.qa.utils.CapabilitiesManager:18 - Getting capabilities
[INFO ] 2023-03-08 10:28:54.760 com.qa.utils.CapabilitiesManager:34 - appUrl is /Users/juanquiceno/Documents/GitHub/CucumberAppiumFramework/src/test/resources/apps/Android-MyDemoAppRN.1.3.0.build-244.apk
[INFO ] 2023-03-08 10:29:02.243 com.qa.utils.DriverManager:34 - Driver is initialized
[INFO ] 2023-03-08 10:29:09.652 com.qa.pages.BasePage:77 - Login with: notvaliduser
[INFO ] 2023-03-08 10:29:10.850 com.qa.pages.BasePage:77 - Password: secret_sauce
[INFO ] 2023-03-08 10:29:11.985 com.qa.pages.BasePage:59 - Press login button
[INFO ] 2023-03-08 10:29:12.724 com.qa.pages.BasePage:97 - Error text is: Provided credentials do not match any user in this service.
]]></system-out>
    <system-err><![CDATA[SLF4J: No SLF4J providers were found.
SLF4J: Defaulting to no-operation (NOP) logger implementation
SLF4J: See https://www.slf4j.org/codes.html#noProviders for further details.
]]></system-err>
  </testcase>
  <testcase name="runScenario[&quot;Login with NOT invalid user name&quot;, &quot;Login scenarios&quot;](2)" classname="com.qa.runners.MyRunnerTest" time="9.69">
    <system-out><![CDATA[[INFO ] 2023-03-08 10:29:19.313 com.qa.pages.BasePage:77 - Login with: invalidUsername
[INFO ] 2023-03-08 10:29:20.536 com.qa.pages.BasePage:77 - Password: secret_sauce
[INFO ] 2023-03-08 10:29:21.686 com.qa.pages.BasePage:59 - Press login button
[INFO ] 2023-03-08 10:29:22.420 com.qa.pages.BasePage:97 - Error text is: Provided credentials do not match any user in this service.
]]></system-out>
  </testcase>
  <testcase name="runScenario[&quot;Login with NOT invalid user password&quot;, &quot;Login scenarios&quot;](3)" classname="com.qa.runners.MyRunnerTest" time="10.4">
    <system-out><![CDATA[[INFO ] 2023-03-08 10:29:29.465 com.qa.pages.BasePage:77 - Login with: notvaliduser
[INFO ] 2023-03-08 10:29:30.812 com.qa.pages.BasePage:77 - Password: secret_sauce
[INFO ] 2023-03-08 10:29:31.989 com.qa.pages.BasePage:59 - Press login button
[INFO ] 2023-03-08 10:29:32.819 com.qa.pages.BasePage:97 - Error text is: Provided credentials do not match any user in this service.
]]></system-out>
  </testcase>
  <testcase name="runScenario[&quot;Login with NOT invalid user password&quot;, &quot;Login scenarios&quot;](4)" classname="com.qa.runners.MyRunnerTest" time="9.798">
    <system-out><![CDATA[[INFO ] 2023-03-08 10:29:39.545 com.qa.pages.BasePage:77 - Login with: invalidUsername
[INFO ] 2023-03-08 10:29:40.758 com.qa.pages.BasePage:77 - Password: secret_sauce
[INFO ] 2023-03-08 10:29:41.892 com.qa.pages.BasePage:59 - Press login button
[INFO ] 2023-03-08 10:29:42.617 com.qa.pages.BasePage:97 - Error text is: Provided credentials do not match any user in this service.
]]></system-out>
  </testcase>
  <testcase name="runScenario[&quot;Successful login&quot;, &quot;Login scenarios&quot;](5)" classname="com.qa.runners.MyRunnerTest" time="10.328">
    <system-out><![CDATA[[INFO ] 2023-03-08 10:29:49.258 com.qa.pages.BasePage:77 - Login with: bob@example.com
[INFO ] 2023-03-08 10:29:50.469 com.qa.pages.BasePage:77 - Password: 10203040
[INFO ] 2023-03-08 10:29:51.598 com.qa.pages.BasePage:59 - Press login button
[INFO ] 2023-03-08 10:29:52.946 com.qa.pages.BasePage:97 - Title page is: Checkout
]]></system-out>
  </testcase>
</testsuite>